2023-07-26 15:32:15,533 [WARN] from play.api.http.HttpConfiguration in play-dev-mode-akka.actor.default-dispatcher-4 - 
Your secret key is very short, and may be vulnerable to dictionary attacks.  Your application may not be secure.
The application secret should ideally be 32 bytes of completely random input, encoded in base64. While the application
will be able to start in production mode, you will also see a warning when it is starting.
To set the application secret, please read http://playframework.com/documentation/latest/ApplicationSecret
          
2023-07-26 15:32:15,572 [INFO] from play.api.http.EnabledFilters in play-dev-mode-akka.actor.default-dispatcher-4 - Enabled Filters (see <https://www.playframework.com/documentation/latest/Filters>):

    play.filters.csrf.CSRFFilter
    play.filters.headers.SecurityHeadersFilter
    play.filters.hosts.AllowedHostsFilter
    filters.ExampleFilter

2023-07-26 15:32:15,843 [INFO] from play.api.Play in play-dev-mode-akka.actor.default-dispatcher-4 - Application started (Dev) (no global state)
2023-07-26 15:32:35,827 [WARN] from play.filters.CSRF in application-akka.actor.default-dispatcher-5 - [CSRF] Check failed because application/json for request /stockDetails
2023-07-26 15:33:21,383 [WARN] from play.filters.CSRF in application-akka.actor.default-dispatcher-5 - [CSRF] Check failed because application/json for request /stockDetails
2023-07-26 15:36:13,590 [WARN] from play.filters.CSRF in application-akka.actor.default-dispatcher-7 - [CSRF] Check failed because application/json for request /stockDetails
2023-07-26 15:36:54,281 [WARN] from play.filters.CSRF in application-akka.actor.default-dispatcher-7 - [CSRF] Check failed because application/json for request /stockDetails
2023-07-26 15:37:35,325 [WARN] from play.filters.CSRF in application-akka.actor.default-dispatcher-7 - [CSRF] Check failed because application/json for request /stockDetails
2023-07-26 15:37:53,137 [WARN] from play.filters.CSRF in application-akka.actor.default-dispatcher-7 - [CSRF] Check failed because application/json for request /stockDetails
2023-07-26 15:45:43,957 [WARN] from akka.actor.CoordinatedShutdown in application-akka.actor.default-dispatcher-9 - Coordinated shutdown phase [service-stop] timed out after 5000 milliseconds
2023-07-26 15:45:44,359 [WARN] from play.api.http.HttpConfiguration in play-dev-mode-akka.actor.default-dispatcher-13 - 
Your secret key is very short, and may be vulnerable to dictionary attacks.  Your application may not be secure.
The application secret should ideally be 32 bytes of completely random input, encoded in base64. While the application
will be able to start in production mode, you will also see a warning when it is starting.
To set the application secret, please read http://playframework.com/documentation/latest/ApplicationSecret
          
2023-07-26 15:45:44,367 [INFO] from play.api.http.EnabledFilters in play-dev-mode-akka.actor.default-dispatcher-13 - Enabled Filters (see <https://www.playframework.com/documentation/latest/Filters>):

    play.filters.csrf.CSRFFilter
    play.filters.headers.SecurityHeadersFilter
    play.filters.hosts.AllowedHostsFilter
    filters.ExampleFilter

2023-07-26 15:45:44,382 [INFO] from play.api.Play in play-dev-mode-akka.actor.default-dispatcher-13 - Application started (Dev) (no global state)
2023-07-26 15:46:01,155 [WARN] from play.filters.CSRF in application-akka.actor.default-dispatcher-6 - [CSRF] Check failed because application/json for request /stockDetails
2023-07-26 15:47:02,788 [WARN] from play.filters.CSRF in application-akka.actor.default-dispatcher-6 - [CSRF] Check failed because application/json for request /stockDetails
2023-07-26 15:47:16,390 [WARN] from play.filters.CSRF in application-akka.actor.default-dispatcher-6 - [CSRF] Check failed because application/json for request /stockDetails
2023-07-26 15:47:50,583 [WARN] from play.filters.CSRF in application-akka.actor.default-dispatcher-6 - [CSRF] Check failed because application/json for request /stockDetails
2023-07-26 15:49:11,026 [WARN] from play.api.http.HttpConfiguration in play-dev-mode-akka.actor.default-dispatcher-19 - 
Your secret key is very short, and may be vulnerable to dictionary attacks.  Your application may not be secure.
The application secret should ideally be 32 bytes of completely random input, encoded in base64. While the application
will be able to start in production mode, you will also see a warning when it is starting.
To set the application secret, please read http://playframework.com/documentation/latest/ApplicationSecret
          
2023-07-26 15:49:11,033 [INFO] from play.api.http.EnabledFilters in play-dev-mode-akka.actor.default-dispatcher-19 - Enabled Filters (see <https://www.playframework.com/documentation/latest/Filters>):

    play.filters.csrf.CSRFFilter
    play.filters.headers.SecurityHeadersFilter
    play.filters.hosts.AllowedHostsFilter
    filters.ExampleFilter

2023-07-26 15:49:11,045 [INFO] from play.api.Play in play-dev-mode-akka.actor.default-dispatcher-19 - Application started (Dev) (no global state)
2023-07-26 15:49:43,891 [WARN] from play.api.http.HttpConfiguration in play-dev-mode-akka.actor.default-dispatcher-21 - 
Your secret key is very short, and may be vulnerable to dictionary attacks.  Your application may not be secure.
The application secret should ideally be 32 bytes of completely random input, encoded in base64. While the application
will be able to start in production mode, you will also see a warning when it is starting.
To set the application secret, please read http://playframework.com/documentation/latest/ApplicationSecret
          
2023-07-26 15:49:43,899 [INFO] from play.api.http.EnabledFilters in play-dev-mode-akka.actor.default-dispatcher-21 - Enabled Filters (see <https://www.playframework.com/documentation/latest/Filters>):

    play.filters.csrf.CSRFFilter
    play.filters.headers.SecurityHeadersFilter
    play.filters.hosts.AllowedHostsFilter
    filters.ExampleFilter

2023-07-26 15:49:43,918 [INFO] from play.api.Play in play-dev-mode-akka.actor.default-dispatcher-21 - Application started (Dev) (no global state)
2023-07-26 15:50:17,004 [WARN] from play.api.http.HttpConfiguration in play-dev-mode-akka.actor.default-dispatcher-21 - 
Your secret key is very short, and may be vulnerable to dictionary attacks.  Your application may not be secure.
The application secret should ideally be 32 bytes of completely random input, encoded in base64. While the application
will be able to start in production mode, you will also see a warning when it is starting.
To set the application secret, please read http://playframework.com/documentation/latest/ApplicationSecret
          
2023-07-26 15:50:17,009 [INFO] from play.api.http.EnabledFilters in play-dev-mode-akka.actor.default-dispatcher-21 - Enabled Filters (see <https://www.playframework.com/documentation/latest/Filters>):

    play.filters.csrf.CSRFFilter
    play.filters.headers.SecurityHeadersFilter
    play.filters.hosts.AllowedHostsFilter
    filters.ExampleFilter

2023-07-26 15:50:17,020 [INFO] from play.api.Play in play-dev-mode-akka.actor.default-dispatcher-21 - Application started (Dev) (no global state)
2023-07-26 15:57:52,442 [WARN] from play.filters.CSRF in application-akka.actor.default-dispatcher-6 - [CSRF] Check failed because application/json for request /stockDetails
2023-07-26 15:58:06,998 [WARN] from play.filters.CSRF in application-akka.actor.default-dispatcher-6 - [CSRF] Check failed because application/json for request /stockDetails
2023-07-26 16:09:57,985 [WARN] from akka.actor.CoordinatedShutdown in application-akka.actor.default-dispatcher-8 - Coordinated shutdown phase [service-stop] timed out after 5000 milliseconds
2023-07-26 16:09:58,446 [WARN] from play.api.http.HttpConfiguration in play-dev-mode-akka.actor.default-dispatcher-24 - 
Your secret key is very short, and may be vulnerable to dictionary attacks.  Your application may not be secure.
The application secret should ideally be 32 bytes of completely random input, encoded in base64. While the application
will be able to start in production mode, you will also see a warning when it is starting.
To set the application secret, please read http://playframework.com/documentation/latest/ApplicationSecret
          
2023-07-26 16:09:58,451 [INFO] from play.api.http.EnabledFilters in play-dev-mode-akka.actor.default-dispatcher-24 - Enabled Filters (see <https://www.playframework.com/documentation/latest/Filters>):

    play.filters.csrf.CSRFFilter
    play.filters.headers.SecurityHeadersFilter
    play.filters.hosts.AllowedHostsFilter
    filters.ExampleFilter

2023-07-26 16:09:58,462 [INFO] from play.api.Play in play-dev-mode-akka.actor.default-dispatcher-24 - Application started (Dev) (no global state)
2023-07-26 16:10:41,331 [WARN] from play.api.http.HttpConfiguration in play-dev-mode-akka.actor.default-dispatcher-34 - 
Your secret key is very short, and may be vulnerable to dictionary attacks.  Your application may not be secure.
The application secret should ideally be 32 bytes of completely random input, encoded in base64. While the application
will be able to start in production mode, you will also see a warning when it is starting.
To set the application secret, please read http://playframework.com/documentation/latest/ApplicationSecret
          
2023-07-26 16:10:41,336 [INFO] from play.api.http.EnabledFilters in play-dev-mode-akka.actor.default-dispatcher-34 - Enabled Filters (see <https://www.playframework.com/documentation/latest/Filters>):

    play.filters.csrf.CSRFFilter
    play.filters.headers.SecurityHeadersFilter
    play.filters.hosts.AllowedHostsFilter
    filters.ExampleFilter

2023-07-26 16:10:41,343 [INFO] from play.api.Play in play-dev-mode-akka.actor.default-dispatcher-34 - Application started (Dev) (no global state)
2023-07-26 16:12:56,004 [WARN] from play.api.http.HttpConfiguration in play-dev-mode-akka.actor.default-dispatcher-24 - 
Your secret key is very short, and may be vulnerable to dictionary attacks.  Your application may not be secure.
The application secret should ideally be 32 bytes of completely random input, encoded in base64. While the application
will be able to start in production mode, you will also see a warning when it is starting.
To set the application secret, please read http://playframework.com/documentation/latest/ApplicationSecret
          
2023-07-26 16:12:56,009 [INFO] from play.api.http.EnabledFilters in play-dev-mode-akka.actor.default-dispatcher-24 - Enabled Filters (see <https://www.playframework.com/documentation/latest/Filters>):

    play.filters.csrf.CSRFFilter
    play.filters.headers.SecurityHeadersFilter
    play.filters.hosts.AllowedHostsFilter
    filters.ExampleFilter

2023-07-26 16:12:56,016 [INFO] from play.api.Play in play-dev-mode-akka.actor.default-dispatcher-24 - Application started (Dev) (no global state)
2023-07-26 16:13:58,936 [WARN] from play.api.http.HttpConfiguration in play-dev-mode-akka.actor.default-dispatcher-33 - 
Your secret key is very short, and may be vulnerable to dictionary attacks.  Your application may not be secure.
The application secret should ideally be 32 bytes of completely random input, encoded in base64. While the application
will be able to start in production mode, you will also see a warning when it is starting.
To set the application secret, please read http://playframework.com/documentation/latest/ApplicationSecret
          
2023-07-26 16:13:58,940 [INFO] from play.api.http.EnabledFilters in play-dev-mode-akka.actor.default-dispatcher-33 - Enabled Filters (see <https://www.playframework.com/documentation/latest/Filters>):

    play.filters.csrf.CSRFFilter
    play.filters.headers.SecurityHeadersFilter
    play.filters.hosts.AllowedHostsFilter
    filters.ExampleFilter

2023-07-26 16:13:58,945 [INFO] from play.api.Play in play-dev-mode-akka.actor.default-dispatcher-33 - Application started (Dev) (no global state)
2023-07-26 16:14:58,971 [WARN] from akka.actor.CoordinatedShutdown in application-akka.actor.default-dispatcher-6 - Coordinated shutdown phase [service-stop] timed out after 5000 milliseconds
2023-07-26 16:14:59,206 [WARN] from play.api.http.HttpConfiguration in play-dev-mode-akka.actor.default-dispatcher-33 - 
Your secret key is very short, and may be vulnerable to dictionary attacks.  Your application may not be secure.
The application secret should ideally be 32 bytes of completely random input, encoded in base64. While the application
will be able to start in production mode, you will also see a warning when it is starting.
To set the application secret, please read http://playframework.com/documentation/latest/ApplicationSecret
          
2023-07-26 16:14:59,213 [INFO] from play.api.http.EnabledFilters in play-dev-mode-akka.actor.default-dispatcher-33 - Enabled Filters (see <https://www.playframework.com/documentation/latest/Filters>):

    play.filters.csrf.CSRFFilter
    play.filters.headers.SecurityHeadersFilter
    play.filters.hosts.AllowedHostsFilter
    filters.ExampleFilter

2023-07-26 16:14:59,220 [INFO] from play.api.Play in play-dev-mode-akka.actor.default-dispatcher-33 - Application started (Dev) (no global state)
2023-07-26 16:15:41,984 [WARN] from play.api.http.HttpConfiguration in play-dev-mode-akka.actor.default-dispatcher-33 - 
Your secret key is very short, and may be vulnerable to dictionary attacks.  Your application may not be secure.
The application secret should ideally be 32 bytes of completely random input, encoded in base64. While the application
will be able to start in production mode, you will also see a warning when it is starting.
To set the application secret, please read http://playframework.com/documentation/latest/ApplicationSecret
          
2023-07-26 16:15:41,999 [INFO] from play.api.http.EnabledFilters in play-dev-mode-akka.actor.default-dispatcher-33 - Enabled Filters (see <https://www.playframework.com/documentation/latest/Filters>):

    play.filters.csrf.CSRFFilter
    play.filters.headers.SecurityHeadersFilter
    play.filters.hosts.AllowedHostsFilter
    filters.ExampleFilter

2023-07-26 16:15:42,021 [INFO] from play.api.Play in play-dev-mode-akka.actor.default-dispatcher-33 - Application started (Dev) (no global state)
2023-07-26 16:28:48,943 [WARN] from play.api.http.HttpConfiguration in play-dev-mode-akka.actor.default-dispatcher-31 - 
Your secret key is very short, and may be vulnerable to dictionary attacks.  Your application may not be secure.
The application secret should ideally be 32 bytes of completely random input, encoded in base64. While the application
will be able to start in production mode, you will also see a warning when it is starting.
To set the application secret, please read http://playframework.com/documentation/latest/ApplicationSecret
          
2023-07-26 16:28:48,948 [INFO] from play.api.http.EnabledFilters in play-dev-mode-akka.actor.default-dispatcher-31 - Enabled Filters (see <https://www.playframework.com/documentation/latest/Filters>):

    play.filters.csrf.CSRFFilter
    play.filters.headers.SecurityHeadersFilter
    play.filters.hosts.AllowedHostsFilter
    filters.ExampleFilter

2023-07-26 16:28:48,959 [INFO] from play.api.Play in play-dev-mode-akka.actor.default-dispatcher-31 - Application started (Dev) (no global state)
2023-07-26 16:30:12,907 [WARN] from play.api.http.HttpConfiguration in play-dev-mode-akka.actor.default-dispatcher-44 - 
Your secret key is very short, and may be vulnerable to dictionary attacks.  Your application may not be secure.
The application secret should ideally be 32 bytes of completely random input, encoded in base64. While the application
will be able to start in production mode, you will also see a warning when it is starting.
To set the application secret, please read http://playframework.com/documentation/latest/ApplicationSecret
          
2023-07-26 16:30:12,912 [INFO] from play.api.http.EnabledFilters in play-dev-mode-akka.actor.default-dispatcher-44 - Enabled Filters (see <https://www.playframework.com/documentation/latest/Filters>):

    play.filters.csrf.CSRFFilter
    play.filters.headers.SecurityHeadersFilter
    play.filters.hosts.AllowedHostsFilter
    filters.ExampleFilter

2023-07-26 16:30:12,923 [INFO] from play.api.Play in play-dev-mode-akka.actor.default-dispatcher-44 - Application started (Dev) (no global state)
2023-07-26 16:31:43,722 [WARN] from akka.actor.CoordinatedShutdown in application-akka.actor.default-dispatcher-6 - Coordinated shutdown phase [service-stop] timed out after 5000 milliseconds
2023-07-26 16:31:43,951 [WARN] from play.api.http.HttpConfiguration in play-dev-mode-akka.actor.default-dispatcher-43 - 
Your secret key is very short, and may be vulnerable to dictionary attacks.  Your application may not be secure.
The application secret should ideally be 32 bytes of completely random input, encoded in base64. While the application
will be able to start in production mode, you will also see a warning when it is starting.
To set the application secret, please read http://playframework.com/documentation/latest/ApplicationSecret
          
2023-07-26 16:31:43,956 [INFO] from play.api.http.EnabledFilters in play-dev-mode-akka.actor.default-dispatcher-43 - Enabled Filters (see <https://www.playframework.com/documentation/latest/Filters>):

    play.filters.csrf.CSRFFilter
    play.filters.headers.SecurityHeadersFilter
    play.filters.hosts.AllowedHostsFilter
    filters.ExampleFilter

2023-07-26 16:31:43,961 [INFO] from play.api.Play in play-dev-mode-akka.actor.default-dispatcher-43 - Application started (Dev) (no global state)
2023-07-26 16:32:15,994 [WARN] from play.api.http.HttpConfiguration in play-dev-mode-akka.actor.default-dispatcher-46 - 
Your secret key is very short, and may be vulnerable to dictionary attacks.  Your application may not be secure.
The application secret should ideally be 32 bytes of completely random input, encoded in base64. While the application
will be able to start in production mode, you will also see a warning when it is starting.
To set the application secret, please read http://playframework.com/documentation/latest/ApplicationSecret
          
2023-07-26 16:32:15,998 [INFO] from play.api.http.EnabledFilters in play-dev-mode-akka.actor.default-dispatcher-46 - Enabled Filters (see <https://www.playframework.com/documentation/latest/Filters>):

    play.filters.csrf.CSRFFilter
    play.filters.headers.SecurityHeadersFilter
    play.filters.hosts.AllowedHostsFilter
    filters.ExampleFilter

2023-07-26 16:32:16,003 [INFO] from play.api.Play in play-dev-mode-akka.actor.default-dispatcher-46 - Application started (Dev) (no global state)
2023-07-26 16:33:04,048 [WARN] from akka.actor.CoordinatedShutdown in application-akka.actor.default-dispatcher-6 - Coordinated shutdown phase [service-stop] timed out after 5000 milliseconds
2023-07-26 16:33:04,356 [WARN] from play.api.http.HttpConfiguration in play-dev-mode-akka.actor.default-dispatcher-43 - 
Your secret key is very short, and may be vulnerable to dictionary attacks.  Your application may not be secure.
The application secret should ideally be 32 bytes of completely random input, encoded in base64. While the application
will be able to start in production mode, you will also see a warning when it is starting.
To set the application secret, please read http://playframework.com/documentation/latest/ApplicationSecret
          
2023-07-26 16:33:04,360 [INFO] from play.api.http.EnabledFilters in play-dev-mode-akka.actor.default-dispatcher-43 - Enabled Filters (see <https://www.playframework.com/documentation/latest/Filters>):

    play.filters.csrf.CSRFFilter
    play.filters.headers.SecurityHeadersFilter
    play.filters.hosts.AllowedHostsFilter
    filters.ExampleFilter

2023-07-26 16:33:04,365 [INFO] from play.api.Play in play-dev-mode-akka.actor.default-dispatcher-43 - Application started (Dev) (no global state)
2023-07-26 16:42:07,576 [WARN] from play.api.http.HttpConfiguration in play-dev-mode-akka.actor.default-dispatcher-51 - 
Your secret key is very short, and may be vulnerable to dictionary attacks.  Your application may not be secure.
The application secret should ideally be 32 bytes of completely random input, encoded in base64. While the application
will be able to start in production mode, you will also see a warning when it is starting.
To set the application secret, please read http://playframework.com/documentation/latest/ApplicationSecret
          
2023-07-26 16:42:07,583 [INFO] from play.api.http.EnabledFilters in play-dev-mode-akka.actor.default-dispatcher-51 - Enabled Filters (see <https://www.playframework.com/documentation/latest/Filters>):

    play.filters.csrf.CSRFFilter
    play.filters.headers.SecurityHeadersFilter
    play.filters.hosts.AllowedHostsFilter
    filters.ExampleFilter

2023-07-26 16:42:07,590 [INFO] from play.api.Play in play-dev-mode-akka.actor.default-dispatcher-51 - Application started (Dev) (no global state)
2023-07-26 16:43:05,159 [WARN] from akka.actor.CoordinatedShutdown in application-akka.actor.default-dispatcher-7 - Coordinated shutdown phase [service-stop] timed out after 5000 milliseconds
2023-07-26 16:43:05,402 [WARN] from play.api.http.HttpConfiguration in play-dev-mode-akka.actor.default-dispatcher-55 - 
Your secret key is very short, and may be vulnerable to dictionary attacks.  Your application may not be secure.
The application secret should ideally be 32 bytes of completely random input, encoded in base64. While the application
will be able to start in production mode, you will also see a warning when it is starting.
To set the application secret, please read http://playframework.com/documentation/latest/ApplicationSecret
          
2023-07-26 16:43:05,406 [INFO] from play.api.http.EnabledFilters in play-dev-mode-akka.actor.default-dispatcher-55 - Enabled Filters (see <https://www.playframework.com/documentation/latest/Filters>):

    play.filters.csrf.CSRFFilter
    play.filters.headers.SecurityHeadersFilter
    play.filters.hosts.AllowedHostsFilter
    filters.ExampleFilter

2023-07-26 16:43:05,413 [INFO] from play.api.Play in play-dev-mode-akka.actor.default-dispatcher-55 - Application started (Dev) (no global state)
2023-07-26 16:43:54,864 [WARN] from akka.actor.CoordinatedShutdown in application-akka.actor.default-dispatcher-7 - Coordinated shutdown phase [service-stop] timed out after 5000 milliseconds
2023-07-26 16:43:55,168 [WARN] from play.api.http.HttpConfiguration in play-dev-mode-akka.actor.default-dispatcher-57 - 
Your secret key is very short, and may be vulnerable to dictionary attacks.  Your application may not be secure.
The application secret should ideally be 32 bytes of completely random input, encoded in base64. While the application
will be able to start in production mode, you will also see a warning when it is starting.
To set the application secret, please read http://playframework.com/documentation/latest/ApplicationSecret
          
2023-07-26 16:43:55,173 [INFO] from play.api.http.EnabledFilters in play-dev-mode-akka.actor.default-dispatcher-57 - Enabled Filters (see <https://www.playframework.com/documentation/latest/Filters>):

    play.filters.csrf.CSRFFilter
    play.filters.headers.SecurityHeadersFilter
    play.filters.hosts.AllowedHostsFilter
    filters.ExampleFilter

2023-07-26 16:43:55,177 [INFO] from play.api.Play in play-dev-mode-akka.actor.default-dispatcher-57 - Application started (Dev) (no global state)
2023-07-26 16:44:35,006 [WARN] from akka.actor.CoordinatedShutdown in application-akka.actor.default-dispatcher-7 - Coordinated shutdown phase [service-stop] timed out after 5000 milliseconds
2023-07-26 16:44:35,249 [WARN] from play.api.http.HttpConfiguration in play-dev-mode-akka.actor.default-dispatcher-57 - 
Your secret key is very short, and may be vulnerable to dictionary attacks.  Your application may not be secure.
The application secret should ideally be 32 bytes of completely random input, encoded in base64. While the application
will be able to start in production mode, you will also see a warning when it is starting.
To set the application secret, please read http://playframework.com/documentation/latest/ApplicationSecret
          
2023-07-26 16:44:35,254 [INFO] from play.api.http.EnabledFilters in play-dev-mode-akka.actor.default-dispatcher-57 - Enabled Filters (see <https://www.playframework.com/documentation/latest/Filters>):

    play.filters.csrf.CSRFFilter
    play.filters.headers.SecurityHeadersFilter
    play.filters.hosts.AllowedHostsFilter
    filters.ExampleFilter

2023-07-26 16:44:35,258 [INFO] from play.api.Play in play-dev-mode-akka.actor.default-dispatcher-57 - Application started (Dev) (no global state)
2023-07-26 16:49:11,926 [WARN] from play.api.http.HttpConfiguration in play-dev-mode-akka.actor.default-dispatcher-56 - 
Your secret key is very short, and may be vulnerable to dictionary attacks.  Your application may not be secure.
The application secret should ideally be 32 bytes of completely random input, encoded in base64. While the application
will be able to start in production mode, you will also see a warning when it is starting.
To set the application secret, please read http://playframework.com/documentation/latest/ApplicationSecret
          
2023-07-26 16:49:11,930 [INFO] from play.api.http.EnabledFilters in play-dev-mode-akka.actor.default-dispatcher-56 - Enabled Filters (see <https://www.playframework.com/documentation/latest/Filters>):

    play.filters.csrf.CSRFFilter
    play.filters.headers.SecurityHeadersFilter
    play.filters.hosts.AllowedHostsFilter
    filters.ExampleFilter

2023-07-26 16:49:11,934 [INFO] from play.api.Play in play-dev-mode-akka.actor.default-dispatcher-56 - Application started (Dev) (no global state)
2023-07-26 16:49:47,286 [ERROR] from play.api.http.DevHttpErrorHandler in play-dev-mode-akka.actor.default-dispatcher-56 - 

! @82bpol8f1 - Internal server error, for (GET) [/stockDetails/RELCAPITAL.BSE] ->
 
play.sbt.PlayExceptions$CompilationException: Compilation error[type mismatch;
 found   : String
 required: Double]
	at play.sbt.PlayExceptions$CompilationException$.apply(PlayExceptions.scala:34)
	at play.sbt.PlayExceptions$CompilationException$.apply(PlayExceptions.scala:34)
	at scala.Option.map(Option.scala:230)
	at play.sbt.run.PlayReload$.$anonfun$taskFailureHandler$8(PlayReload.scala:127)
	at scala.Option.map(Option.scala:230)
	at play.sbt.run.PlayReload$.taskFailureHandler(PlayReload.scala:100)
	at play.sbt.run.PlayReload$.compileFailure(PlayReload.scala:38)
	at play.sbt.run.PlayReload$.$anonfun$compile$3(PlayReload.scala:152)
	at scala.util.Either$LeftProjection.map(Either.scala:573)
	at play.sbt.run.PlayReload$.compile(PlayReload.scala:152)
	at play.sbt.run.PlayRun$.$anonfun$playRunTask$4(PlayRun.scala:80)
	at play.runsupport.Reloader.$anonfun$reload$1(Reloader.scala:496)
	at play.runsupport.Reloader$$anon$1.run(Reloader.scala:57)
	at java.base/java.security.AccessController.doPrivileged(Native Method)
	at play.runsupport.Reloader$.play$runsupport$Reloader$$withReloaderContextClassLoader(Reloader.scala:63)
	at play.runsupport.Reloader.reload(Reloader.scala:496)
	at play.core.server.DevServerStart$$anon$1.get(DevServerStart.scala:147)
	at play.core.server.AkkaHttpServer.handleRequest(AkkaHttpServer.scala:310)
	at play.core.server.AkkaHttpServer.$anonfun$createServerBinding$1(AkkaHttpServer.scala:227)
	at akka.stream.impl.fusing.MapAsyncUnordered$$anon$31.onPush(Ops.scala:1430)
	at akka.stream.impl.fusing.GraphInterpreter.processPush(GraphInterpreter.scala:542)
	at akka.stream.impl.fusing.GraphInterpreter.processEvent(GraphInterpreter.scala:496)
	at akka.stream.impl.fusing.GraphInterpreter.execute(GraphInterpreter.scala:390)
	at akka.stream.impl.fusing.GraphInterpreterShell.runBatch(ActorGraphInterpreter.scala:650)
	at akka.stream.impl.fusing.GraphInterpreterShell$AsyncInput.execute(ActorGraphInterpreter.scala:521)
	at akka.stream.impl.fusing.GraphInterpreterShell.processEvent(ActorGraphInterpreter.scala:625)
	at akka.stream.impl.fusing.ActorGraphInterpreter.akka$stream$impl$fusing$ActorGraphInterpreter$$processEvent(ActorGraphInterpreter.scala:800)
	at akka.stream.impl.fusing.ActorGraphInterpreter$$anonfun$receive$1.applyOrElse(ActorGraphInterpreter.scala:818)
	at akka.actor.Actor.aroundReceive(Actor.scala:537)
	at akka.actor.Actor.aroundReceive$(Actor.scala:535)
	at akka.stream.impl.fusing.ActorGraphInterpreter.aroundReceive(ActorGraphInterpreter.scala:716)
	at akka.actor.ActorCell.receiveMessage(ActorCell.scala:579)
	at akka.actor.ActorCell.invoke(ActorCell.scala:547)
	at akka.dispatch.Mailbox.processMailbox(Mailbox.scala:270)
	at akka.dispatch.Mailbox.run(Mailbox.scala:231)
	at akka.dispatch.Mailbox.exec(Mailbox.scala:243)
	at java.base/java.util.concurrent.ForkJoinTask.doExec(ForkJoinTask.java:290)
	at java.base/java.util.concurrent.ForkJoinPool$WorkQueue.topLevelExec(ForkJoinPool.java:1020)
	at java.base/java.util.concurrent.ForkJoinPool.scan(ForkJoinPool.java:1656)
	at java.base/java.util.concurrent.ForkJoinPool.runWorker(ForkJoinPool.java:1594)
	at java.base/java.util.concurrent.ForkJoinWorkerThread.run(ForkJoinWorkerThread.java:183)
2023-07-26 16:50:55,251 [WARN] from play.api.http.HttpConfiguration in play-dev-mode-akka.actor.default-dispatcher-62 - 
Your secret key is very short, and may be vulnerable to dictionary attacks.  Your application may not be secure.
The application secret should ideally be 32 bytes of completely random input, encoded in base64. While the application
will be able to start in production mode, you will also see a warning when it is starting.
To set the application secret, please read http://playframework.com/documentation/latest/ApplicationSecret
          
2023-07-26 16:50:55,255 [INFO] from play.api.http.EnabledFilters in play-dev-mode-akka.actor.default-dispatcher-62 - Enabled Filters (see <https://www.playframework.com/documentation/latest/Filters>):

    play.filters.csrf.CSRFFilter
    play.filters.headers.SecurityHeadersFilter
    play.filters.hosts.AllowedHostsFilter
    filters.ExampleFilter

2023-07-26 16:50:55,259 [INFO] from play.api.Play in play-dev-mode-akka.actor.default-dispatcher-62 - Application started (Dev) (no global state)
2023-07-26 17:01:23,509 [WARN] from com.zaxxer.hikari.pool.HikariPool in db housekeeper - db - Retrograde clock change detected (housekeeper delta=27s972ms), soft-evicting connections from pool.
2023-07-27 09:44:57,807 [WARN] from com.zaxxer.hikari.pool.HikariPool in db housekeeper - db - Thread starvation or clock leap detected (housekeeper delta=16h43m34s295ms).
2023-07-27 09:45:58,639 [WARN] from com.zaxxer.hikari.pool.HikariPool in db housekeeper - db - Thread starvation or clock leap detected (housekeeper delta=1m836ms).
2023-07-27 09:46:19,631 [WARN] from akka.actor.CoordinatedShutdown in application-akka.actor.default-dispatcher-6 - Coordinated shutdown phase [service-stop] timed out after 5000 milliseconds
2023-07-27 09:46:19,924 [WARN] from play.api.http.HttpConfiguration in play-dev-mode-akka.actor.default-dispatcher-54 - 
Your secret key is very short, and may be vulnerable to dictionary attacks.  Your application may not be secure.
The application secret should ideally be 32 bytes of completely random input, encoded in base64. While the application
will be able to start in production mode, you will also see a warning when it is starting.
To set the application secret, please read http://playframework.com/documentation/latest/ApplicationSecret
          
2023-07-27 09:46:19,939 [INFO] from play.api.http.EnabledFilters in play-dev-mode-akka.actor.default-dispatcher-54 - Enabled Filters (see <https://www.playframework.com/documentation/latest/Filters>):

    play.filters.csrf.CSRFFilter
    play.filters.headers.SecurityHeadersFilter
    play.filters.hosts.AllowedHostsFilter
    filters.ExampleFilter

2023-07-27 09:46:19,944 [INFO] from play.api.Play in play-dev-mode-akka.actor.default-dispatcher-54 - Application started (Dev) (no global state)
2023-07-27 09:50:00,559 [WARN] from akka.actor.CoordinatedShutdown in application-akka.actor.default-dispatcher-7 - Coordinated shutdown phase [service-stop] timed out after 5000 milliseconds
2023-07-27 09:50:00,816 [WARN] from play.api.http.HttpConfiguration in play-dev-mode-akka.actor.default-dispatcher-70 - 
Your secret key is very short, and may be vulnerable to dictionary attacks.  Your application may not be secure.
The application secret should ideally be 32 bytes of completely random input, encoded in base64. While the application
will be able to start in production mode, you will also see a warning when it is starting.
To set the application secret, please read http://playframework.com/documentation/latest/ApplicationSecret
          
2023-07-27 09:50:00,819 [INFO] from play.api.http.EnabledFilters in play-dev-mode-akka.actor.default-dispatcher-70 - Enabled Filters (see <https://www.playframework.com/documentation/latest/Filters>):

    play.filters.csrf.CSRFFilter
    play.filters.headers.SecurityHeadersFilter
    play.filters.hosts.AllowedHostsFilter
    filters.ExampleFilter

2023-07-27 09:50:00,824 [INFO] from play.api.Play in play-dev-mode-akka.actor.default-dispatcher-70 - Application started (Dev) (no global state)
2023-07-27 09:51:02,783 [WARN] from akka.actor.CoordinatedShutdown in application-akka.actor.default-dispatcher-6 - Coordinated shutdown phase [service-stop] timed out after 5000 milliseconds
2023-07-27 09:51:02,976 [WARN] from play.api.http.HttpConfiguration in play-dev-mode-akka.actor.default-dispatcher-70 - 
Your secret key is very short, and may be vulnerable to dictionary attacks.  Your application may not be secure.
The application secret should ideally be 32 bytes of completely random input, encoded in base64. While the application
will be able to start in production mode, you will also see a warning when it is starting.
To set the application secret, please read http://playframework.com/documentation/latest/ApplicationSecret
          
2023-07-27 09:51:02,979 [INFO] from play.api.http.EnabledFilters in play-dev-mode-akka.actor.default-dispatcher-70 - Enabled Filters (see <https://www.playframework.com/documentation/latest/Filters>):

    play.filters.csrf.CSRFFilter
    play.filters.headers.SecurityHeadersFilter
    play.filters.hosts.AllowedHostsFilter
    filters.ExampleFilter

2023-07-27 09:51:02,987 [INFO] from play.api.Play in play-dev-mode-akka.actor.default-dispatcher-70 - Application started (Dev) (no global state)
2023-07-27 09:53:47,666 [WARN] from play.api.http.HttpConfiguration in play-dev-mode-akka.actor.default-dispatcher-68 - 
Your secret key is very short, and may be vulnerable to dictionary attacks.  Your application may not be secure.
The application secret should ideally be 32 bytes of completely random input, encoded in base64. While the application
will be able to start in production mode, you will also see a warning when it is starting.
To set the application secret, please read http://playframework.com/documentation/latest/ApplicationSecret
          
2023-07-27 09:53:47,670 [INFO] from play.api.http.EnabledFilters in play-dev-mode-akka.actor.default-dispatcher-68 - Enabled Filters (see <https://www.playframework.com/documentation/latest/Filters>):

    play.filters.csrf.CSRFFilter
    play.filters.headers.SecurityHeadersFilter
    play.filters.hosts.AllowedHostsFilter
    filters.ExampleFilter

2023-07-27 09:53:47,673 [INFO] from play.api.Play in play-dev-mode-akka.actor.default-dispatcher-68 - Application started (Dev) (no global state)
2023-07-27 09:57:53,411 [WARN] from play.api.http.HttpConfiguration in play-dev-mode-akka.actor.default-dispatcher-68 - 
Your secret key is very short, and may be vulnerable to dictionary attacks.  Your application may not be secure.
The application secret should ideally be 32 bytes of completely random input, encoded in base64. While the application
will be able to start in production mode, you will also see a warning when it is starting.
To set the application secret, please read http://playframework.com/documentation/latest/ApplicationSecret
          
2023-07-27 09:57:53,416 [INFO] from play.api.http.EnabledFilters in play-dev-mode-akka.actor.default-dispatcher-68 - Enabled Filters (see <https://www.playframework.com/documentation/latest/Filters>):

    play.filters.csrf.CSRFFilter
    play.filters.headers.SecurityHeadersFilter
    play.filters.hosts.AllowedHostsFilter
    filters.ExampleFilter

2023-07-27 09:57:53,419 [INFO] from play.api.Play in play-dev-mode-akka.actor.default-dispatcher-68 - Application started (Dev) (no global state)
2023-07-27 10:05:43,951 [WARN] from play.api.http.HttpConfiguration in play-dev-mode-akka.actor.default-dispatcher-70 - 
Your secret key is very short, and may be vulnerable to dictionary attacks.  Your application may not be secure.
The application secret should ideally be 32 bytes of completely random input, encoded in base64. While the application
will be able to start in production mode, you will also see a warning when it is starting.
To set the application secret, please read http://playframework.com/documentation/latest/ApplicationSecret
          
2023-07-27 10:05:43,955 [INFO] from play.api.http.EnabledFilters in play-dev-mode-akka.actor.default-dispatcher-70 - Enabled Filters (see <https://www.playframework.com/documentation/latest/Filters>):

    play.filters.csrf.CSRFFilter
    play.filters.headers.SecurityHeadersFilter
    play.filters.hosts.AllowedHostsFilter
    filters.ExampleFilter

2023-07-27 10:05:43,959 [INFO] from play.api.Play in play-dev-mode-akka.actor.default-dispatcher-70 - Application started (Dev) (no global state)
2023-07-27 10:10:38,497 [WARN] from akka.actor.CoordinatedShutdown in application-akka.actor.default-dispatcher-6 - Coordinated shutdown phase [service-stop] timed out after 5000 milliseconds
2023-07-27 10:10:38,720 [WARN] from play.api.http.HttpConfiguration in play-dev-mode-akka.actor.default-dispatcher-78 - 
Your secret key is very short, and may be vulnerable to dictionary attacks.  Your application may not be secure.
The application secret should ideally be 32 bytes of completely random input, encoded in base64. While the application
will be able to start in production mode, you will also see a warning when it is starting.
To set the application secret, please read http://playframework.com/documentation/latest/ApplicationSecret
          
2023-07-27 10:10:38,725 [INFO] from play.api.http.EnabledFilters in play-dev-mode-akka.actor.default-dispatcher-78 - Enabled Filters (see <https://www.playframework.com/documentation/latest/Filters>):

    play.filters.csrf.CSRFFilter
    play.filters.headers.SecurityHeadersFilter
    play.filters.hosts.AllowedHostsFilter
    filters.ExampleFilter

2023-07-27 10:10:38,728 [INFO] from play.api.Play in play-dev-mode-akka.actor.default-dispatcher-78 - Application started (Dev) (no global state)
2023-07-27 10:12:42,390 [WARN] from play.api.http.HttpConfiguration in play-dev-mode-akka.actor.default-dispatcher-88 - 
Your secret key is very short, and may be vulnerable to dictionary attacks.  Your application may not be secure.
The application secret should ideally be 32 bytes of completely random input, encoded in base64. While the application
will be able to start in production mode, you will also see a warning when it is starting.
To set the application secret, please read http://playframework.com/documentation/latest/ApplicationSecret
          
2023-07-27 10:12:42,395 [INFO] from play.api.http.EnabledFilters in play-dev-mode-akka.actor.default-dispatcher-88 - Enabled Filters (see <https://www.playframework.com/documentation/latest/Filters>):

    play.filters.csrf.CSRFFilter
    play.filters.headers.SecurityHeadersFilter
    play.filters.hosts.AllowedHostsFilter
    filters.ExampleFilter

2023-07-27 10:12:42,399 [INFO] from play.api.Play in play-dev-mode-akka.actor.default-dispatcher-88 - Application started (Dev) (no global state)
2023-07-27 10:13:51,217 [WARN] from akka.actor.CoordinatedShutdown in application-akka.actor.default-dispatcher-5 - Coordinated shutdown phase [service-stop] timed out after 5000 milliseconds
2023-07-27 10:13:51,514 [WARN] from play.api.http.HttpConfiguration in play-dev-mode-akka.actor.default-dispatcher-88 - 
Your secret key is very short, and may be vulnerable to dictionary attacks.  Your application may not be secure.
The application secret should ideally be 32 bytes of completely random input, encoded in base64. While the application
will be able to start in production mode, you will also see a warning when it is starting.
To set the application secret, please read http://playframework.com/documentation/latest/ApplicationSecret
          
2023-07-27 10:13:51,518 [INFO] from play.api.http.EnabledFilters in play-dev-mode-akka.actor.default-dispatcher-88 - Enabled Filters (see <https://www.playframework.com/documentation/latest/Filters>):

    play.filters.csrf.CSRFFilter
    play.filters.headers.SecurityHeadersFilter
    play.filters.hosts.AllowedHostsFilter
    filters.ExampleFilter

2023-07-27 10:13:51,522 [INFO] from play.api.Play in play-dev-mode-akka.actor.default-dispatcher-88 - Application started (Dev) (no global state)
2023-07-27 10:33:41,806 [WARN] from com.zaxxer.hikari.pool.HikariPool in db housekeeper - db - Thread starvation or clock leap detected (housekeeper delta=11m50s107ms).
2023-07-27 10:36:47,433 [WARN] from akka.actor.CoordinatedShutdown in application-akka.actor.default-dispatcher-13 - Coordinated shutdown phase [service-stop] timed out after 5000 milliseconds
2023-07-27 10:36:47,671 [WARN] from play.api.http.HttpConfiguration in play-dev-mode-akka.actor.default-dispatcher-109 - 
Your secret key is very short, and may be vulnerable to dictionary attacks.  Your application may not be secure.
The application secret should ideally be 32 bytes of completely random input, encoded in base64. While the application
will be able to start in production mode, you will also see a warning when it is starting.
To set the application secret, please read http://playframework.com/documentation/latest/ApplicationSecret
          
2023-07-27 10:36:47,676 [INFO] from play.api.http.EnabledFilters in play-dev-mode-akka.actor.default-dispatcher-109 - Enabled Filters (see <https://www.playframework.com/documentation/latest/Filters>):

    play.filters.csrf.CSRFFilter
    play.filters.headers.SecurityHeadersFilter
    play.filters.hosts.AllowedHostsFilter
    filters.ExampleFilter

2023-07-27 10:36:47,680 [INFO] from play.api.Play in play-dev-mode-akka.actor.default-dispatcher-109 - Application started (Dev) (no global state)
