[0m[[0m[0mdebug[0m] [0m[0m> Exec(run, Some(6b2eb4f8-218b-4fb6-aae2-2660552638b1), Some(CommandSource(console0)))[0m
[0m[[0m[0mdebug[0m] [0m[0mEvaluating tasks: Compile / run[0m
[0m[[0m[0mdebug[0m] [0m[0mRunning task... Cancel: Signal, check cycles: false, forcegc: true[0m
[0m[[0m[0mdebug[0m] [0m[0mRunning task... Cancel: Signal, check cycles: false, forcegc: true[0m
[0m[[0m[0minfo[0m] [0m[0mcompiling 2 Scala sources to /Users/aseemsaini/Documents/GitHub/Scala_Play/target/scala-2.13/classes ...[0m
[0m[[0m[31merror[0m] [0m[0m/Users/aseemsaini/Documents/GitHub/Scala_Play/app/Models/Tables.scala:4:23: early initializers are deprecated; they will be replaced by trait parameters in 3.0, see the migration guide on avoiding var/val in traits.[0m
[0m[[0m[31merror[0m] [0m[0mobject Tables extends {[0m
[0m[[0m[31merror[0m] [0m[0m                      ^[0m
[0m[[0m[31merror[0m] [0m[0m/Users/aseemsaini/Documents/GitHub/Scala_Play/app/Models/TaskListInDatabaseModel.scala:20:39: type mismatch;[0m
[0m[[0m[31merror[0m] [0m[0m found   : Long[0m
[0m[[0m[31merror[0m] [0m[0m required: Int[0m
[0m[[0m[31merror[0m] [0m[0m              .map(_.headOption.map(_.id))[0m
[0m[[0m[31merror[0m] [0m[0m                                      ^[0m
[0m[[0m[31merror[0m] [0m[0mtwo errors found[0m
[0m[[0m[0mdebug[0m] [0m[0mForcing garbage collection...[0m
[0m[[0m[31merror[0m] [0m[0m(Compile / [31mcompileIncremental[0m) Compilation failed[0m
[0m[[0m[0mdebug[0m] [0m[0mRunning task... Cancel: Signal, check cycles: false, forcegc: true[0m
[0m[[0m[0mdebug[0m] [0m[0mRunning task... Cancel: Signal, check cycles: false, forcegc: true[0m
[0m[[0m[0mdebug[0m] [0m[0mRunning task... Cancel: Signal, check cycles: false, forcegc: true[0m
[0m[[0m[0minfo[0m] [0m[0mcompiling 2 Scala sources to /Users/aseemsaini/Documents/GitHub/Scala_Play/target/scala-2.13/classes ...[0m
[0m[[0m[31merror[0m] [0m[0m/Users/aseemsaini/Documents/GitHub/Scala_Play/app/Models/TaskListInDatabaseModel.scala:20:39: type mismatch;[0m
[0m[[0m[31merror[0m] [0m[0m found   : Long[0m
[0m[[0m[31merror[0m] [0m[0m required: Int[0m
[0m[[0m[31merror[0m] [0m[0m              .map(_.headOption.map(_.id))[0m
[0m[[0m[31merror[0m] [0m[0m                                      ^[0m
[0m[[0m[31merror[0m] [0m[0mone error found[0m
[0m[[0m[31merror[0m] [0m[0m(Compile / [31mcompileIncremental[0m) Compilation failed[0m
[0m[[0m[0mdebug[0m] [0m[0mRunning task... Cancel: Signal, check cycles: false, forcegc: true[0m
[0m[[0m[0mdebug[0m] [0m[0mRunning task... Cancel: Signal, check cycles: false, forcegc: true[0m
[0m[[0m[0mdebug[0m] [0m[0mRunning task... Cancel: Signal, check cycles: false, forcegc: true[0m
[0m[[0m[0minfo[0m] [0m[0mcompiling 2 Scala sources to /Users/aseemsaini/Documents/GitHub/Scala_Play/target/scala-2.13/classes ...[0m
[0m[[0m[0minfo[0m] [0m[0mcompiling 1 Scala source to /Users/aseemsaini/Documents/GitHub/Scala_Play/target/scala-2.13/classes ...[0m
[0m[[0m[31merror[0m] [0m[0m/Users/aseemsaini/Documents/GitHub/Scala_Play/app/controllers/Tasklist5.scala:33:29: type mismatch;[0m
[0m[[0m[31merror[0m] [0m[0m found   : scala.concurrent.Future[Option[Long]][0m
[0m[[0m[31merror[0m] [0m[0m required: Boolean[0m
[0m[[0m[31merror[0m] [0m[0m        if (model.createUser(ld.username, ld.password)) {[0m
[0m[[0m[31merror[0m] [0m[0m                            ^[0m
[0m[[0m[31merror[0m] [0m[0mone error found[0m
[0m[[0m[31merror[0m] [0m[0m(Compile / [31mcompileIncremental[0m) Compilation failed[0m
[0m[[0m[0mdebug[0m] [0m[0mRunning task... Cancel: Signal, check cycles: false, forcegc: true[0m
[0m[[0m[0mdebug[0m] [0m[0mRunning task... Cancel: Signal, check cycles: false, forcegc: true[0m
[0m[[0m[0mdebug[0m] [0m[0mRunning task... Cancel: Signal, check cycles: false, forcegc: true[0m
[0m[[0m[0minfo[0m] [0m[0mcompiling 3 Scala sources to /Users/aseemsaini/Documents/GitHub/Scala_Play/target/scala-2.13/classes ...[0m
[0m[[0m[31merror[0m] [0m[0m/Users/aseemsaini/Documents/GitHub/Scala_Play/app/controllers/Tasklist5.scala:22:23: ambiguous implicit values:[0m
[0m[[0m[31merror[0m] [0m[0m both method global in object Implicits of type scala.concurrent.ExecutionContext[0m
[0m[[0m[31merror[0m] [0m[0m and value ec in class TaskList5 of type scala.concurrent.ExecutionContext[0m
[0m[[0m[31merror[0m] [0m[0m match expected type scala.concurrent.ExecutionContext[0m
[0m[[0m[31merror[0m] [0m[0m  private val model = new TaskListInDatabaseModel(db)[0m
[0m[[0m[31merror[0m] [0m[0m                      ^[0m
[0m[[0m[31merror[0m] [0m[0mone error found[0m
[0m[[0m[31merror[0m] [0m[0m(Compile / [31mcompileIncremental[0m) Compilation failed[0m
[0m[[0m[0mdebug[0m] [0m[0mRunning task... Cancel: Signal, check cycles: false, forcegc: true[0m
[0m[[0m[0mdebug[0m] [0m[0mRunning task... Cancel: Signal, check cycles: false, forcegc: true[0m
[0m[[0m[0mdebug[0m] [0m[0mRunning task... Cancel: Signal, check cycles: false, forcegc: true[0m
[0m[[0m[0minfo[0m] [0m[0mcompiling 3 Scala sources to /Users/aseemsaini/Documents/GitHub/Scala_Play/target/scala-2.13/classes ...[0m
[0m[[0m[0mdebug[0m] [0m[0mForcing garbage collection...[0m
[0m[[0m[0mdebug[0m] [0m[0mRunning task... Cancel: Signal, check cycles: false, forcegc: true[0m
[0m[[0m[0mdebug[0m] [0m[0mExporting web-assets:play-scala-starter-example[0m
[0m[[0m[0mdebug[0m] [0m[0mRunning task... Cancel: Signal, check cycles: false, forcegc: true[0m
[0m[[0m[0mdebug[0m] [0m[0mRunning task... Cancel: Signal, check cycles: false, forcegc: true[0m
[0m[[0m[0minfo[0m] [0m[0mcompiling 2 Scala sources to /Users/aseemsaini/Documents/GitHub/Scala_Play/target/scala-2.13/classes ...[0m
[0m[[0m[0mdebug[0m] [0m[0mForcing garbage collection...[0m
[0m[[0m[0mdebug[0m] [0m[0mRunning task... Cancel: Signal, check cycles: false, forcegc: true[0m
[0m[[0m[0mdebug[0m] [0m[0mExporting web-assets:play-scala-starter-example[0m
[0m[[0m[0mdebug[0m] [0m[0mRunning task... Cancel: Signal, check cycles: false, forcegc: true[0m
[0m[[0m[0mdebug[0m] [0m[0mRunning task... Cancel: Signal, check cycles: false, forcegc: true[0m
[0m[[0m[0minfo[0m] [0m[0mcompiling 1 Scala source to /Users/aseemsaini/Documents/GitHub/Scala_Play/target/scala-2.13/classes ...[0m
[0m[[0m[31merror[0m] [0m[0m/Users/aseemsaini/Documents/GitHub/Scala_Play/app/views/login2.scala.html:13:40: value createUserForm is not a member of controllers.ReverseTaskList5[0m
[0m[[0m[31merror[0m] [0m[0m@helper.form(action = routes.TaskList5.createUserForm) {[0m
[0m[[0m[31merror[0m] [0m[0m                                       ^[0m
[0m[[0m[31merror[0m] [0m[0mone error found[0m
[0m[[0m[31merror[0m] [0m[0m(Compile / [31mcompileIncremental[0m) Compilation failed[0m
[0m[[0m[0mdebug[0m] [0m[0mRunning task... Cancel: Signal, check cycles: false, forcegc: true[0m
[0m[[0m[0mdebug[0m] [0m[0mRunning task... Cancel: Signal, check cycles: false, forcegc: true[0m
[0m[[0m[0mdebug[0m] [0m[0mRunning task... Cancel: Signal, check cycles: false, forcegc: true[0m
[0m[[0m[0minfo[0m] [0m[0mcompiling 4 Scala sources to /Users/aseemsaini/Documents/GitHub/Scala_Play/target/scala-2.13/classes ...[0m
[0m[[0m[0minfo[0m] [0m[0mcompiling 1 Scala source and 1 Java source to /Users/aseemsaini/Documents/GitHub/Scala_Play/target/scala-2.13/classes ...[0m
[0m[[0m[0minfo[0m] [0m[0mcompiling 6 Scala sources to /Users/aseemsaini/Documents/GitHub/Scala_Play/target/scala-2.13/classes ...[0m
[0m[[0m[0mdebug[0m] [0m[0mRunning task... Cancel: Signal, check cycles: false, forcegc: true[0m
[0m[[0m[0mdebug[0m] [0m[0mExporting web-assets:play-scala-starter-example[0m
[0m[[0m[0mdebug[0m] [0m[0mRunning task... Cancel: Signal, check cycles: false, forcegc: true[0m
[0m[[0m[32msuccess[0m] [0m[0mTotal time: 2175 s (36:15), completed 23 Jun 2023, 16:33:20[0m
[0m[[0m[0mdebug[0m] [0m[0m> Exec(shell, None, None)[0m
